# JRE version: OpenJDK Runtime Environment Temurin-21.0.10+7 (21.0.10+7) (build 21.0.10+7-LTS)
# Java VM: OpenJDK 64-Bit Server VM Temurin-21.0.10+7 (21.0.10+7-LTS, mixed mode, sharing, tiered, compressed oops, compressed class ptrs, parallel gc, windows-amd64)
GC Precious Log:
 CardTable entry size: 512
 CPUs: 28 total, 28 available
 Memory: 32078M
 Large Page Support: Disabled
 NUMA Support: Disabled
 Compressed Oops: Enabled (32-bit)
 Alignments: Space 512K, Generation 512K, Heap 2M
 Heap Min Capacity: 100M
 Heap Initial Capacity: 100M
 Heap Max Capacity: 2G
 Pre-touch: Disabled
 Parallel Workers: 20
Heap:
 PSYoungGen      total 10240K, used 3153K [0x00000000d5580000, 0x00000000d6280000, 0x0000000100000000)
  eden space 9216K, 23% used [0x00000000d5580000,0x00000000d57a8140,0x00000000d5e80000)
  from space 1024K, 98% used [0x00000000d5e80000,0x00000000d5f7c050,0x00000000d5f80000)
  to   space 2048K, 0% used [0x00000000d6080000,0x00000000d6080000,0x00000000d6280000)
 ParOldGen       total 894464K, used 894142K [0x0000000080000000, 0x00000000b6980000, 0x00000000d5580000)
  object space 894464K, 99% used [0x0000000080000000,0x00000000b692fa80,0x00000000b6980000)
 Metaspace       used 77322K, committed 78912K, reserved 1179648K
  class space    used 8776K, committed 9408K, reserved 1048576K
GC Heap History (20 events):
Event: 29.152 GC heap before
{Heap before GC invocations=1438 (full 3):
 PSYoungGen      total 10752K, used 10473K [0x00000000d5580000, 0x00000000d6100000, 0x0000000100000000)
  eden space 9728K, 100% used [0x00000000d5580000,0x00000000d5f00000,0x00000000d5f00000)
  from space 1024K, 72% used [0x00000000d6000000,0x00000000d60ba400,0x00000000d6100000)
  to   space 1024K, 0% used [0x00000000d5f00000,0x00000000d5f00000,0x00000000d6000000)
 ParOldGen       total 889344K, used 888876K [0x0000000080000000, 0x00000000b6480000, 0x00000000d5580000)
  object space 889344K, 99% used [0x0000000080000000,0x00000000b640b1c0,0x00000000b6480000)
 Metaspace       used 76664K, committed 78336K, reserved 1179648K
  class space    used 8759K, committed 9408K, reserved 1048576K
}
Event: 29.153 GC heap after
{Heap after GC invocations=1438 (full 3):
 PSYoungGen      total 10752K, used 688K [0x00000000d5580000, 0x00000000d6100000, 0x0000000100000000)
  eden space 9728K, 0% used [0x00000000d5580000,0x00000000d5580000,0x00000000d5f00000)
  from space 1024K, 67% used [0x00000000d5f00000,0x00000000d5fac010,0x00000000d6000000)
  to   space 1024K, 0% used [0x00000000d6000000,0x00000000d6000000,0x00000000d6100000)
 ParOldGen       total 889856K, used 889373K [0x0000000080000000, 0x00000000b6500000, 0x00000000d5580000)
  object space 889856K, 99% used [0x0000000080000000,0x00000000b64875c0,0x00000000b6500000)
 Metaspace       used 76664K, committed 78336K, reserved 1179648K
  class space    used 8759K, committed 9408K, reserved 1048576K
}
Event: 29.173 GC heap before
{Heap before GC invocations=1439 (full 3):
 PSYoungGen      total 10752K, used 10416K [0x00000000d5580000, 0x00000000d6100000, 0x0000000100000000)
  eden space 9728K, 100% used [0x00000000d5580000,0x00000000d5f00000,0x00000000d5f00000)
  from space 1024K, 67% used [0x00000000d5f00000,0x00000000d5fac010,0x00000000d6000000)
  to   space 1024K, 0% used [0x00000000d6000000,0x00000000d6000000,0x00000000d6100000)
 ParOldGen       total 889856K, used 889373K [0x0000000080000000, 0x00000000b6500000, 0x00000000d5580000)
  object space 889856K, 99% used [0x0000000080000000,0x00000000b64875c0,0x00000000b6500000)
 Metaspace       used 76721K, committed 78400K, reserved 1179648K
  class space    used 8762K, committed 9408K, reserved 1048576K
}
Event: 29.174 GC heap after
{Heap after GC invocations=1439 (full 3):
 PSYoungGen      total 10752K, used 704K [0x00000000d5580000, 0x00000000d6100000, 0x0000000100000000)
  eden space 9728K, 0% used [0x00000000d5580000,0x00000000d5580000,0x00000000d5f00000)
  from space 1024K, 68% used [0x00000000d6000000,0x00000000d60b0000,0x00000000d6100000)
  to   space 1024K, 0% used [0x00000000d5f00000,0x00000000d5f00000,0x00000000d6000000)
 ParOldGen       total 889856K, used 889809K [0x0000000080000000, 0x00000000b6500000, 0x00000000d5580000)
  object space 889856K, 99% used [0x0000000080000000,0x00000000b64f46c8,0x00000000b6500000)
 Metaspace       used 76721K, committed 78400K, reserved 1179648K
  class space    used 8762K, committed 9408K, reserved 1048576K
}
Event: 29.197 GC heap before
{Heap before GC invocations=1440 (full 3):
 PSYoungGen      total 10752K, used 10432K [0x00000000d5580000, 0x00000000d6100000, 0x0000000100000000)
  eden space 9728K, 100% used [0x00000000d5580000,0x00000000d5f00000,0x00000000d5f00000)
  from space 1024K, 68% used [0x00000000d6000000,0x00000000d60b0000,0x00000000d6100000)
  to   space 1024K, 0% used [0x00000000d5f00000,0x00000000d5f00000,0x00000000d6000000)
 ParOldGen       total 889856K, used 889809K [0x0000000080000000, 0x00000000b6500000, 0x00000000d5580000)
  object space 889856K, 99% used [0x0000000080000000,0x00000000b64f46c8,0x00000000b6500000)
 Metaspace       used 76728K, committed 78400K, reserved 1179648K
  class space    used 8762K, committed 9408K, reserved 1048576K
}
Event: 29.199 GC heap after
{Heap after GC invocations=1440 (full 3):
 PSYoungGen      total 10752K, used 905K [0x00000000d5580000, 0x00000000d6100000, 0x0000000100000000)
  eden space 9728K, 0% used [0x00000000d5580000,0x00000000d5580000,0x00000000d5f00000)
  from space 1024K, 88% used [0x00000000d5f00000,0x00000000d5fe2400,0x00000000d6000000)
  to   space 1024K, 0% used [0x00000000d6000000,0x00000000d6000000,0x00000000d6100000)
 ParOldGen       total 890368K, used 890177K [0x0000000080000000, 0x00000000b6580000, 0x00000000d5580000)
  object space 890368K, 99% used [0x0000000080000000,0x00000000b65506c8,0x00000000b6580000)
 Metaspace       used 76728K, committed 78400K, reserved 1179648K
  class space    used 8762K, committed 9408K, reserved 1048576K
}
Event: 29.209 GC heap before
{Heap before GC invocations=1441 (full 3):
 PSYoungGen      total 10752K, used 10633K [0x00000000d5580000, 0x00000000d6100000, 0x0000000100000000)
  eden space 9728K, 100% used [0x00000000d5580000,0x00000000d5f00000,0x00000000d5f00000)
  from space 1024K, 88% used [0x00000000d5f00000,0x00000000d5fe2400,0x00000000d6000000)
  to   space 1024K, 0% used [0x00000000d6000000,0x00000000d6000000,0x00000000d6100000)
 ParOldGen       total 890368K, used 890177K [0x0000000080000000, 0x00000000b6580000, 0x00000000d5580000)
  object space 890368K, 99% used [0x0000000080000000,0x00000000b65506c8,0x00000000b6580000)
 Metaspace       used 76730K, committed 78400K, reserved 1179648K
  class space    used 8762K, committed 9408K, reserved 1048576K
}
Event: 29.210 GC heap after
{Heap after GC invocations=1441 (full 3):
 PSYoungGen      total 10752K, used 608K [0x00000000d5580000, 0x00000000d6100000, 0x0000000100000000)
  eden space 9728K, 0% used [0x00000000d5580000,0x00000000d5580000,0x00000000d5f00000)
  from space 1024K, 59% used [0x00000000d6000000,0x00000000d6098000,0x00000000d6100000)
  to   space 1024K, 0% used [0x00000000d5f00000,0x00000000d5f00000,0x00000000d6000000)
 ParOldGen       total 890880K, used 890838K [0x0000000080000000, 0x00000000b6600000, 0x00000000d5580000)
  object space 890880K, 99% used [0x0000000080000000,0x00000000b65f5bd0,0x00000000b6600000)
 Metaspace       used 76730K, committed 78400K, reserved 1179648K
  class space    used 8762K, committed 9408K, reserved 1048576K
}
Event: 29.598 GC heap before
{Heap before GC invocations=1442 (full 3):
 PSYoungGen      total 10752K, used 10336K [0x00000000d5580000, 0x00000000d6100000, 0x0000000100000000)
  eden space 9728K, 100% used [0x00000000d5580000,0x00000000d5f00000,0x00000000d5f00000)
  from space 1024K, 59% used [0x00000000d6000000,0x00000000d6098000,0x00000000d6100000)
  to   space 1024K, 0% used [0x00000000d5f00000,0x00000000d5f00000,0x00000000d6000000)
 ParOldGen       total 890880K, used 890838K [0x0000000080000000, 0x00000000b6600000, 0x00000000d5580000)
  object space 890880K, 99% used [0x0000000080000000,0x00000000b65f5bd0,0x00000000b6600000)
 Metaspace       used 76810K, committed 78400K, reserved 1179648K
  class space    used 8763K, committed 9408K, reserved 1048576K
}
Event: 29.599 GC heap after
{Heap after GC invocations=1442 (full 3):
 PSYoungGen      total 10752K, used 969K [0x00000000d5580000, 0x00000000d6200000, 0x0000000100000000)
  eden space 9728K, 0% used [0x00000000d5580000,0x00000000d5580000,0x00000000d5f00000)
  from space 1024K, 94% used [0x00000000d5f00000,0x00000000d5ff2400,0x00000000d6000000)
  to   space 1536K, 0% used [0x00000000d6080000,0x00000000d6080000,0x00000000d6200000)
 ParOldGen       total 891392K, used 891014K [0x0000000080000000, 0x00000000b6680000, 0x00000000d5580000)
  object space 891392K, 99% used [0x0000000080000000,0x00000000b6621bd0,0x00000000b6680000)
 Metaspace       used 76810K, committed 78400K, reserved 1179648K
  class space    used 8763K, committed 9408K, reserved 1048576K
}
Event: 29.614 GC heap before
{Heap before GC invocations=1443 (full 3):
 PSYoungGen      total 10752K, used 10697K [0x00000000d5580000, 0x00000000d6200000, 0x0000000100000000)
  eden space 9728K, 100% used [0x00000000d5580000,0x00000000d5f00000,0x00000000d5f00000)
  from space 1024K, 94% used [0x00000000d5f00000,0x00000000d5ff2400,0x00000000d6000000)
  to   space 1536K, 0% used [0x00000000d6080000,0x00000000d6080000,0x00000000d6200000)
 ParOldGen       total 891392K, used 891014K [0x0000000080000000, 0x00000000b6680000, 0x00000000d5580000)
  object space 891392K, 99% used [0x0000000080000000,0x00000000b6621bd0,0x00000000b6680000)
 Metaspace       used 76814K, committed 78400K, reserved 1179648K
  class space    used 8763K, committed 9408K, reserved 1048576K
}
Event: 29.616 GC heap after
{Heap after GC invocations=1443 (full 3):
 PSYoungGen      total 10752K, used 544K [0x00000000d5580000, 0x00000000d6180000, 0x0000000100000000)
  eden space 9728K, 0% used [0x00000000d5580000,0x00000000d5580000,0x00000000d5f00000)
  from space 1024K, 53% used [0x00000000d6080000,0x00000000d6108000,0x00000000d6180000)
  to   space 1024K, 0% used [0x00000000d5f00000,0x00000000d5f00000,0x00000000d6000000)
 ParOldGen       total 891904K, used 891711K [0x0000000080000000, 0x00000000b6700000, 0x00000000d5580000)
  object space 891904K, 99% used [0x0000000080000000,0x00000000b66cffe0,0x00000000b6700000)
 Metaspace       used 76814K, committed 78400K, reserved 1179648K
  class space    used 8763K, committed 9408K, reserved 1048576K
}
Event: 29.651 GC heap before
{Heap before GC invocations=1444 (full 3):
 PSYoungGen      total 10752K, used 10272K [0x00000000d5580000, 0x00000000d6180000, 0x0000000100000000)
  eden space 9728K, 100% used [0x00000000d5580000,0x00000000d5f00000,0x00000000d5f00000)
  from space 1024K, 53% used [0x00000000d6080000,0x00000000d6108000,0x00000000d6180000)
  to   space 1024K, 0% used [0x00000000d5f00000,0x00000000d5f00000,0x00000000d6000000)
 ParOldGen       total 891904K, used 891711K [0x0000000080000000, 0x00000000b6700000, 0x00000000d5580000)
  object space 891904K, 99% used [0x0000000080000000,0x00000000b66cffe0,0x00000000b6700000)
 Metaspace       used 76836K, committed 78464K, reserved 1179648K
  class space    used 8763K, committed 9408K, reserved 1048576K
}
Event: 29.653 GC heap after
{Heap after GC invocations=1444 (full 3):
 PSYoungGen      total 10752K, used 544K [0x00000000d5580000, 0x00000000d6100000, 0x0000000100000000)
  eden space 9728K, 0% used [0x00000000d5580000,0x00000000d5580000,0x00000000d5f00000)
  from space 1024K, 53% used [0x00000000d5f00000,0x00000000d5f88000,0x00000000d6000000)
  to   space 1024K, 0% used [0x00000000d6000000,0x00000000d6000000,0x00000000d6100000)
 ParOldGen       total 892416K, used 892071K [0x0000000080000000, 0x00000000b6780000, 0x00000000d5580000)
  object space 892416K, 99% used [0x0000000080000000,0x00000000b6729fe0,0x00000000b6780000)
 Metaspace       used 76836K, committed 78464K, reserved 1179648K
  class space    used 8763K, committed 9408K, reserved 1048576K
}
Event: 29.699 GC heap before
{Heap before GC invocations=1445 (full 3):
 PSYoungGen      total 10752K, used 10272K [0x00000000d5580000, 0x00000000d6100000, 0x0000000100000000)
  eden space 9728K, 100% used [0x00000000d5580000,0x00000000d5f00000,0x00000000d5f00000)
  from space 1024K, 53% used [0x00000000d5f00000,0x00000000d5f88000,0x00000000d6000000)
  to   space 1024K, 0% used [0x00000000d6000000,0x00000000d6000000,0x00000000d6100000)
 ParOldGen       total 892416K, used 892071K [0x0000000080000000, 0x00000000b6780000, 0x00000000d5580000)
  object space 892416K, 99% used [0x0000000080000000,0x00000000b6729fe0,0x00000000b6780000)
 Metaspace       used 76948K, committed 78528K, reserved 1179648K
  class space    used 8763K, committed 9408K, reserved 1048576K
}
Event: 29.701 GC heap after
{Heap after GC invocations=1445 (full 3):
 PSYoungGen      total 10240K, used 1017K [0x00000000d5580000, 0x00000000d6200000, 0x0000000100000000)
  eden space 9216K, 0% used [0x00000000d5580000,0x00000000d5580000,0x00000000d5e80000)
  from space 1024K, 99% used [0x00000000d6000000,0x00000000d60fe410,0x00000000d6100000)
  to   space 1536K, 0% used [0x00000000d5e80000,0x00000000d5e80000,0x00000000d6000000)
 ParOldGen       total 892928K, used 892439K [0x0000000080000000, 0x00000000b6800000, 0x00000000d5580000)
  object space 892928K, 99% used [0x0000000080000000,0x00000000b6785fe0,0x00000000b6800000)
 Metaspace       used 76948K, committed 78528K, reserved 1179648K
  class space    used 8763K, committed 9408K, reserved 1048576K
}
Event: 29.715 GC heap before
{Heap before GC invocations=1446 (full 3):
 PSYoungGen      total 10240K, used 10233K [0x00000000d5580000, 0x00000000d6200000, 0x0000000100000000)
  eden space 9216K, 100% used [0x00000000d5580000,0x00000000d5e80000,0x00000000d5e80000)
  from space 1024K, 99% used [0x00000000d6000000,0x00000000d60fe410,0x00000000d6100000)
  to   space 1536K, 0% used [0x00000000d5e80000,0x00000000d5e80000,0x00000000d6000000)
 ParOldGen       total 892928K, used 892439K [0x0000000080000000, 0x00000000b6800000, 0x00000000d5580000)
  object space 892928K, 99% used [0x0000000080000000,0x00000000b6785fe0,0x00000000b6800000)
 Metaspace       used 76952K, committed 78528K, reserved 1179648K
  class space    used 8763K, committed 9408K, reserved 1048576K
}
Event: 29.718 GC heap after
{Heap after GC invocations=1446 (full 3):
 PSYoungGen      total 9728K, used 416K [0x00000000d5580000, 0x00000000d6080000, 0x0000000100000000)
  eden space 9216K, 0% used [0x00000000d5580000,0x00000000d5580000,0x00000000d5e80000)
  from space 512K, 81% used [0x00000000d5e80000,0x00000000d5ee8000,0x00000000d5f00000)
  to   space 1024K, 0% used [0x00000000d5f80000,0x00000000d5f80000,0x00000000d6080000)
 ParOldGen       total 893440K, used 893197K [0x0000000080000000, 0x00000000b6880000, 0x00000000d5580000)
  object space 893440K, 99% used [0x0000000080000000,0x00000000b6843680,0x00000000b6880000)
 Metaspace       used 76952K, committed 78528K, reserved 1179648K
  class space    used 8763K, committed 9408K, reserved 1048576K
}
Event: 29.789 GC heap before
{Heap before GC invocations=1447 (full 3):
 PSYoungGen      total 9728K, used 9632K [0x00000000d5580000, 0x00000000d6080000, 0x0000000100000000)
  eden space 9216K, 100% used [0x00000000d5580000,0x00000000d5e80000,0x00000000d5e80000)
  from space 512K, 81% used [0x00000000d5e80000,0x00000000d5ee8000,0x00000000d5f00000)
  to   space 1024K, 0% used [0x00000000d5f80000,0x00000000d5f80000,0x00000000d6080000)
 ParOldGen       total 893440K, used 893197K [0x0000000080000000, 0x00000000b6880000, 0x00000000d5580000)
  object space 893440K, 99% used [0x0000000080000000,0x00000000b6843680,0x00000000b6880000)
 Metaspace       used 77061K, committed 78656K, reserved 1179648K
  class space    used 8763K, committed 9408K, reserved 1048576K
}
Event: 29.792 GC heap after
{Heap after GC invocations=1447 (full 3):
 PSYoungGen      total 10240K, used 896K [0x00000000d5580000, 0x00000000d6080000, 0x0000000100000000)
  eden space 9216K, 0% used [0x00000000d5580000,0x00000000d5580000,0x00000000d5e80000)
  from space 1024K, 87% used [0x00000000d5f80000,0x00000000d6060000,0x00000000d6080000)
  to   space 1024K, 0% used [0x00000000d5e80000,0x00000000d5e80000,0x00000000d5f80000)
 ParOldGen       total 893440K, used 893421K [0x0000000080000000, 0x00000000b6880000, 0x00000000d5580000)
  object space 893440K, 99% used [0x0000000080000000,0x00000000b687b680,0x00000000b6880000)
 Metaspace       used 77061K, committed 78656K, reserved 1179648K
  class space    used 8763K, committed 9408K, reserved 1048576K
}

