# JRE version: OpenJDK Runtime Environment Temurin-21.0.10+7 (21.0.10+7) (build 21.0.10+7-LTS)
# Java VM: OpenJDK 64-Bit Server VM Temurin-21.0.10+7 (21.0.10+7-LTS, mixed mode, sharing, tiered, compressed oops, compressed class ptrs, parallel gc, windows-amd64)
GC Precious Log:
 CardTable entry size: 512
 CPUs: 28 total, 28 available
 Memory: 32078M
 Large Page Support: Disabled
 NUMA Support: Disabled
 Compressed Oops: Enabled (32-bit)
 Alignments: Space 512K, Generation 512K, Heap 2M
 Heap Min Capacity: 100M
 Heap Initial Capacity: 100M
 Heap Max Capacity: 2G
 Pre-touch: Disabled
 Parallel Workers: 20
Heap:
 PSYoungGen      total 22016K, used 21720K [0x00000000d5580000, 0x00000000d6e80000, 0x0000000100000000)
  eden space 19456K, 100% used [0x00000000d5580000,0x00000000d6880000,0x00000000d6880000)
  from space 2560K, 88% used [0x00000000d6c00000,0x00000000d6e36008,0x00000000d6e80000)
  to   space 3072K, 64% used [0x00000000d6880000,0x00000000d6a70000,0x00000000d6b80000)
 ParOldGen       total 847872K, used 847405K [0x0000000080000000, 0x00000000b3c00000, 0x00000000d5580000)
  object space 847872K, 99% used [0x0000000080000000,0x00000000b3b8b570,0x00000000b3c00000)
 Metaspace       used 71003K, committed 72384K, reserved 1114112K
  class space    used 8137K, committed 8768K, reserved 1048576K
GC Heap History (20 events):
Event: 38.084 GC heap before
{Heap before GC invocations=1410 (full 3):
 PSYoungGen      total 20992K, used 20640K [0x00000000d5580000, 0x00000000d6b80000, 0x0000000100000000)
  eden space 19456K, 100% used [0x00000000d5580000,0x00000000d6880000,0x00000000d6880000)
  from space 1536K, 77% used [0x00000000d6a00000,0x00000000d6b28000,0x00000000d6b80000)
  to   space 1536K, 0% used [0x00000000d6880000,0x00000000d6880000,0x00000000d6a00000)
 ParOldGen       total 835584K, used 835382K [0x0000000080000000, 0x00000000b3000000, 0x00000000d5580000)
  object space 835584K, 99% used [0x0000000080000000,0x00000000b2fcd8b0,0x00000000b3000000)
 Metaspace       used 70991K, committed 72384K, reserved 1114112K
  class space    used 8137K, committed 8768K, reserved 1048576K
}
Event: 38.086 GC heap after
{Heap after GC invocations=1410 (full 3):
 PSYoungGen      total 20992K, used 1536K [0x00000000d5580000, 0x00000000d6c80000, 0x0000000100000000)
  eden space 19456K, 0% used [0x00000000d5580000,0x00000000d5580000,0x00000000d6880000)
  from space 1536K, 100% used [0x00000000d6880000,0x00000000d6a00000,0x00000000d6a00000)
  to   space 2048K, 0% used [0x00000000d6a80000,0x00000000d6a80000,0x00000000d6c80000)
 ParOldGen       total 836608K, used 836286K [0x0000000080000000, 0x00000000b3100000, 0x00000000d5580000)
  object space 836608K, 99% used [0x0000000080000000,0x00000000b30af8b0,0x00000000b3100000)
 Metaspace       used 70991K, committed 72384K, reserved 1114112K
  class space    used 8137K, committed 8768K, reserved 1048576K
}
Event: 38.177 GC heap before
{Heap before GC invocations=1411 (full 3):
 PSYoungGen      total 20992K, used 20992K [0x00000000d5580000, 0x00000000d6c80000, 0x0000000100000000)
  eden space 19456K, 100% used [0x00000000d5580000,0x00000000d6880000,0x00000000d6880000)
  from space 1536K, 100% used [0x00000000d6880000,0x00000000d6a00000,0x00000000d6a00000)
  to   space 2048K, 0% used [0x00000000d6a80000,0x00000000d6a80000,0x00000000d6c80000)
 ParOldGen       total 836608K, used 836286K [0x0000000080000000, 0x00000000b3100000, 0x00000000d5580000)
  object space 836608K, 99% used [0x0000000080000000,0x00000000b30af8b0,0x00000000b3100000)
 Metaspace       used 70995K, committed 72384K, reserved 1114112K
  class space    used 8137K, committed 8768K, reserved 1048576K
}
Event: 38.179 GC heap after
{Heap after GC invocations=1411 (full 3):
 PSYoungGen      total 20992K, used 1271K [0x00000000d5580000, 0x00000000d6c00000, 0x0000000100000000)
  eden space 19456K, 0% used [0x00000000d5580000,0x00000000d5580000,0x00000000d6880000)
  from space 1536K, 82% used [0x00000000d6a80000,0x00000000d6bbdf28,0x00000000d6c00000)
  to   space 1536K, 0% used [0x00000000d6880000,0x00000000d6880000,0x00000000d6a00000)
 ParOldGen       total 837120K, used 837030K [0x0000000080000000, 0x00000000b3180000, 0x00000000d5580000)
  object space 837120K, 99% used [0x0000000080000000,0x00000000b31698b0,0x00000000b3180000)
 Metaspace       used 70995K, committed 72384K, reserved 1114112K
  class space    used 8137K, committed 8768K, reserved 1048576K
}
Event: 38.284 GC heap before
{Heap before GC invocations=1412 (full 3):
 PSYoungGen      total 20992K, used 20727K [0x00000000d5580000, 0x00000000d6c00000, 0x0000000100000000)
  eden space 19456K, 100% used [0x00000000d5580000,0x00000000d6880000,0x00000000d6880000)
  from space 1536K, 82% used [0x00000000d6a80000,0x00000000d6bbdf28,0x00000000d6c00000)
  to   space 1536K, 0% used [0x00000000d6880000,0x00000000d6880000,0x00000000d6a00000)
 ParOldGen       total 837120K, used 837030K [0x0000000080000000, 0x00000000b3180000, 0x00000000d5580000)
  object space 837120K, 99% used [0x0000000080000000,0x00000000b31698b0,0x00000000b3180000)
 Metaspace       used 70999K, committed 72384K, reserved 1114112K
  class space    used 8137K, committed 8768K, reserved 1048576K
}
Event: 38.286 GC heap after
{Heap after GC invocations=1412 (full 3):
 PSYoungGen      total 20992K, used 1216K [0x00000000d5580000, 0x00000000d6b80000, 0x0000000100000000)
  eden space 19456K, 0% used [0x00000000d5580000,0x00000000d5580000,0x00000000d6880000)
  from space 1536K, 79% used [0x00000000d6880000,0x00000000d69b0000,0x00000000d6a00000)
  to   space 1536K, 0% used [0x00000000d6a00000,0x00000000d6a00000,0x00000000d6b80000)
 ParOldGen       total 837632K, used 837253K [0x0000000080000000, 0x00000000b3200000, 0x00000000d5580000)
  object space 837632K, 99% used [0x0000000080000000,0x00000000b31a17d8,0x00000000b3200000)
 Metaspace       used 70999K, committed 72384K, reserved 1114112K
  class space    used 8137K, committed 8768K, reserved 1048576K
}
Event: 38.338 GC heap before
{Heap before GC invocations=1413 (full 3):
 PSYoungGen      total 20992K, used 20672K [0x00000000d5580000, 0x00000000d6b80000, 0x0000000100000000)
  eden space 19456K, 100% used [0x00000000d5580000,0x00000000d6880000,0x00000000d6880000)
  from space 1536K, 79% used [0x00000000d6880000,0x00000000d69b0000,0x00000000d6a00000)
  to   space 1536K, 0% used [0x00000000d6a00000,0x00000000d6a00000,0x00000000d6b80000)
 ParOldGen       total 837632K, used 837253K [0x0000000080000000, 0x00000000b3200000, 0x00000000d5580000)
  object space 837632K, 99% used [0x0000000080000000,0x00000000b31a17d8,0x00000000b3200000)
 Metaspace       used 71000K, committed 72384K, reserved 1114112K
  class space    used 8137K, committed 8768K, reserved 1048576K
}
Event: 38.341 GC heap after
{Heap after GC invocations=1413 (full 3):
 PSYoungGen      total 20992K, used 1526K [0x00000000d5580000, 0x00000000d6b80000, 0x0000000100000000)
  eden space 19456K, 0% used [0x00000000d5580000,0x00000000d5580000,0x00000000d6880000)
  from space 1536K, 99% used [0x00000000d6a00000,0x00000000d6b7d808,0x00000000d6b80000)
  to   space 1536K, 0% used [0x00000000d6880000,0x00000000d6880000,0x00000000d6a00000)
 ParOldGen       total 838144K, used 837917K [0x0000000080000000, 0x00000000b3280000, 0x00000000d5580000)
  object space 838144K, 99% used [0x0000000080000000,0x00000000b3247468,0x00000000b3280000)
 Metaspace       used 71000K, committed 72384K, reserved 1114112K
  class space    used 8137K, committed 8768K, reserved 1048576K
}
Event: 38.361 GC heap before
{Heap before GC invocations=1414 (full 3):
 PSYoungGen      total 20992K, used 20982K [0x00000000d5580000, 0x00000000d6b80000, 0x0000000100000000)
  eden space 19456K, 100% used [0x00000000d5580000,0x00000000d6880000,0x00000000d6880000)
  from space 1536K, 99% used [0x00000000d6a00000,0x00000000d6b7d808,0x00000000d6b80000)
  to   space 1536K, 0% used [0x00000000d6880000,0x00000000d6880000,0x00000000d6a00000)
 ParOldGen       total 838144K, used 837917K [0x0000000080000000, 0x00000000b3280000, 0x00000000d5580000)
  object space 838144K, 99% used [0x0000000080000000,0x00000000b3247468,0x00000000b3280000)
 Metaspace       used 71000K, committed 72384K, reserved 1114112K
  class space    used 8137K, committed 8768K, reserved 1048576K
}
Event: 38.364 GC heap after
{Heap after GC invocations=1414 (full 3):
 PSYoungGen      total 20992K, used 1533K [0x00000000d5580000, 0x00000000d6f80000, 0x0000000100000000)
  eden space 19456K, 0% used [0x00000000d5580000,0x00000000d5580000,0x00000000d6880000)
  from space 1536K, 99% used [0x00000000d6880000,0x00000000d69ff5a8,0x00000000d6a00000)
  to   space 3584K, 0% used [0x00000000d6c00000,0x00000000d6c00000,0x00000000d6f80000)
 ParOldGen       total 840192K, used 839693K [0x0000000080000000, 0x00000000b3480000, 0x00000000d5580000)
  object space 840192K, 99% used [0x0000000080000000,0x00000000b3403468,0x00000000b3480000)
 Metaspace       used 71000K, committed 72384K, reserved 1114112K
  class space    used 8137K, committed 8768K, reserved 1048576K
}
Event: 38.371 GC heap before
{Heap before GC invocations=1415 (full 3):
 PSYoungGen      total 20992K, used 20989K [0x00000000d5580000, 0x00000000d6f80000, 0x0000000100000000)
  eden space 19456K, 100% used [0x00000000d5580000,0x00000000d6880000,0x00000000d6880000)
  from space 1536K, 99% used [0x00000000d6880000,0x00000000d69ff5a8,0x00000000d6a00000)
  to   space 3584K, 0% used [0x00000000d6c00000,0x00000000d6c00000,0x00000000d6f80000)
 ParOldGen       total 840192K, used 839693K [0x0000000080000000, 0x00000000b3480000, 0x00000000d5580000)
  object space 840192K, 99% used [0x0000000080000000,0x00000000b3403468,0x00000000b3480000)
 Metaspace       used 71000K, committed 72384K, reserved 1114112K
  class space    used 8137K, committed 8768K, reserved 1048576K
}
Event: 38.373 GC heap after
{Heap after GC invocations=1415 (full 3):
 PSYoungGen      total 20992K, used 1056K [0x00000000d5580000, 0x00000000d6d80000, 0x0000000100000000)
  eden space 19456K, 0% used [0x00000000d5580000,0x00000000d5580000,0x00000000d6880000)
  from space 1536K, 68% used [0x00000000d6c00000,0x00000000d6d08000,0x00000000d6d80000)
  to   space 2048K, 0% used [0x00000000d6980000,0x00000000d6980000,0x00000000d6b80000)
 ParOldGen       total 841728K, used 841264K [0x0000000080000000, 0x00000000b3600000, 0x00000000d5580000)
  object space 841728K, 99% used [0x0000000080000000,0x00000000b358c358,0x00000000b3600000)
 Metaspace       used 71000K, committed 72384K, reserved 1114112K
  class space    used 8137K, committed 8768K, reserved 1048576K
}
Event: 38.381 GC heap before
{Heap before GC invocations=1416 (full 3):
 PSYoungGen      total 20992K, used 20512K [0x00000000d5580000, 0x00000000d6d80000, 0x0000000100000000)
  eden space 19456K, 100% used [0x00000000d5580000,0x00000000d6880000,0x00000000d6880000)
  from space 1536K, 68% used [0x00000000d6c00000,0x00000000d6d08000,0x00000000d6d80000)
  to   space 2048K, 0% used [0x00000000d6980000,0x00000000d6980000,0x00000000d6b80000)
 ParOldGen       total 841728K, used 841264K [0x0000000080000000, 0x00000000b3600000, 0x00000000d5580000)
  object space 841728K, 99% used [0x0000000080000000,0x00000000b358c358,0x00000000b3600000)
 Metaspace       used 71000K, committed 72384K, reserved 1114112K
  class space    used 8137K, committed 8768K, reserved 1048576K
}
Event: 38.384 GC heap after
{Heap after GC invocations=1416 (full 3):
 PSYoungGen      total 20480K, used 896K [0x00000000d5580000, 0x00000000d6c80000, 0x0000000100000000)
  eden space 19456K, 0% used [0x00000000d5580000,0x00000000d5580000,0x00000000d6880000)
  from space 1024K, 87% used [0x00000000d6980000,0x00000000d6a60000,0x00000000d6a80000)
  to   space 1536K, 0% used [0x00000000d6b00000,0x00000000d6b00000,0x00000000d6c80000)
 ParOldGen       total 842240K, used 842080K [0x0000000080000000, 0x00000000b3680000, 0x00000000d5580000)
  object space 842240K, 99% used [0x0000000080000000,0x00000000b3658358,0x00000000b3680000)
 Metaspace       used 71000K, committed 72384K, reserved 1114112K
  class space    used 8137K, committed 8768K, reserved 1048576K
}
Event: 38.445 GC heap before
{Heap before GC invocations=1417 (full 3):
 PSYoungGen      total 20480K, used 20352K [0x00000000d5580000, 0x00000000d6c80000, 0x0000000100000000)
  eden space 19456K, 100% used [0x00000000d5580000,0x00000000d6880000,0x00000000d6880000)
  from space 1024K, 87% used [0x00000000d6980000,0x00000000d6a60000,0x00000000d6a80000)
  to   space 1536K, 0% used [0x00000000d6b00000,0x00000000d6b00000,0x00000000d6c80000)
 ParOldGen       total 842240K, used 842080K [0x0000000080000000, 0x00000000b3680000, 0x00000000d5580000)
  object space 842240K, 99% used [0x0000000080000000,0x00000000b3658358,0x00000000b3680000)
 Metaspace       used 71001K, committed 72384K, reserved 1114112K
  class space    used 8137K, committed 8768K, reserved 1048576K
}
Event: 38.448 GC heap after
{Heap after GC invocations=1417 (full 3):
 PSYoungGen      total 20992K, used 1531K [0x00000000d5580000, 0x00000000d6c80000, 0x0000000100000000)
  eden space 19456K, 0% used [0x00000000d5580000,0x00000000d5580000,0x00000000d6880000)
  from space 1536K, 99% used [0x00000000d6b00000,0x00000000d6c7ec08,0x00000000d6c80000)
  to   space 2048K, 0% used [0x00000000d6880000,0x00000000d6880000,0x00000000d6a80000)
 ParOldGen       total 842752K, used 842718K [0x0000000080000000, 0x00000000b3700000, 0x00000000d5580000)
  object space 842752K, 99% used [0x0000000080000000,0x00000000b36f7a38,0x00000000b3700000)
 Metaspace       used 71001K, committed 72384K, reserved 1114112K
  class space    used 8137K, committed 8768K, reserved 1048576K
}
Event: 38.494 GC heap before
{Heap before GC invocations=1418 (full 3):
 PSYoungGen      total 20992K, used 20987K [0x00000000d5580000, 0x00000000d6c80000, 0x0000000100000000)
  eden space 19456K, 100% used [0x00000000d5580000,0x00000000d6880000,0x00000000d6880000)
  from space 1536K, 99% used [0x00000000d6b00000,0x00000000d6c7ec08,0x00000000d6c80000)
  to   space 2048K, 0% used [0x00000000d6880000,0x00000000d6880000,0x00000000d6a80000)
 ParOldGen       total 842752K, used 842718K [0x0000000080000000, 0x00000000b3700000, 0x00000000d5580000)
  object space 842752K, 99% used [0x0000000080000000,0x00000000b36f7a38,0x00000000b3700000)
 Metaspace       used 71003K, committed 72384K, reserved 1114112K
  class space    used 8137K, committed 8768K, reserved 1048576K
}
Event: 38.496 GC heap after
{Heap after GC invocations=1418 (full 3):
 PSYoungGen      total 21504K, used 2028K [0x00000000d5580000, 0x00000000d6f80000, 0x0000000100000000)
  eden space 19456K, 0% used [0x00000000d5580000,0x00000000d5580000,0x00000000d6880000)
  from space 2048K, 99% used [0x00000000d6880000,0x00000000d6a7b008,0x00000000d6a80000)
  to   space 3584K, 0% used [0x00000000d6c00000,0x00000000d6c00000,0x00000000d6f80000)
 ParOldGen       total 844288K, used 843899K [0x0000000080000000, 0x00000000b3880000, 0x00000000d5580000)
  object space 844288K, 99% used [0x0000000080000000,0x00000000b381efb0,0x00000000b3880000)
 Metaspace       used 71003K, committed 72384K, reserved 1114112K
  class space    used 8137K, committed 8768K, reserved 1048576K
}
Event: 38.538 GC heap before
{Heap before GC invocations=1419 (full 3):
 PSYoungGen      total 21504K, used 21484K [0x00000000d5580000, 0x00000000d6f80000, 0x0000000100000000)
  eden space 19456K, 100% used [0x00000000d5580000,0x00000000d6880000,0x00000000d6880000)
  from space 2048K, 99% used [0x00000000d6880000,0x00000000d6a7b008,0x00000000d6a80000)
  to   space 3584K, 0% used [0x00000000d6c00000,0x00000000d6c00000,0x00000000d6f80000)
 ParOldGen       total 844288K, used 843899K [0x0000000080000000, 0x00000000b3880000, 0x00000000d5580000)
  object space 844288K, 99% used [0x0000000080000000,0x00000000b381efb0,0x00000000b3880000)
 Metaspace       used 71003K, committed 72384K, reserved 1114112K
  class space    used 8137K, committed 8768K, reserved 1048576K
}
Event: 38.541 GC heap after
{Heap after GC invocations=1419 (full 3):
 PSYoungGen      total 22016K, used 2264K [0x00000000d5580000, 0x00000000d6e80000, 0x0000000100000000)
  eden space 19456K, 0% used [0x00000000d5580000,0x00000000d5580000,0x00000000d6880000)
  from space 2560K, 88% used [0x00000000d6c00000,0x00000000d6e36008,0x00000000d6e80000)
  to   space 3072K, 0% used [0x00000000d6880000,0x00000000d6880000,0x00000000d6b80000)
 ParOldGen       total 845824K, used 845522K [0x0000000080000000, 0x00000000b3a00000, 0x00000000d5580000)
  object space 845824K, 99% used [0x0000000080000000,0x00000000b39b4958,0x00000000b3a00000)
 Metaspace       used 71003K, committed 72384K, reserved 1114112K
  class space    used 8137K, committed 8768K, reserved 1048576K
}

